[14:42:29.687] [INFO] Storybook Upgrade - v9.1.15
[14:42:29.708] [INFO] detect-projects-spinner-start: Detecting projects...
[14:42:29.711] [DEBUG] Finding Storybook projects...
[14:42:30.315] [DEBUG] Found 0 Storybook projects
[14:42:41.701] [PROMPT] No Storybook projects were found. Please enter the path to the .storybook directory for the project you want to upgrade. {"choice":"./config/storybook"}
[14:42:41.702] [INFO] detect-projects-spinner: Detecting projects: 1 projects
[14:42:41.703] [DEBUG] Getting Storybook data...
[14:42:41.703] [DEBUG] Getting Storybook info...
[14:42:41.705] [DEBUG] Loading main config...
[14:42:41.932] [DEBUG] Getting stories paths...
[14:42:42.063] [DEBUG] Getting package manager...
[14:42:42.444] [DEBUG] Getting Storybook version...
[14:42:42.447] [DEBUG] ./config/storybook - Validating before version... 6.5.16
[14:42:42.447] [DEBUG] ./config/storybook - Validating upgrade compatibility...
[14:42:42.447] [DEBUG] ./config/storybook - Fetching NPM version information...
[14:42:42.447] [DEBUG] Getting CLI versions from NPM for storybook...
[14:42:42.450] [DEBUG] Getting CLI versions from NPM for storybook@next...
[14:42:44.229] [DEBUG] ./config/storybook - Evaluating blockers...
[14:42:44.232] [DEBUG] Getting installed version for @storybook/experimental-addon-test...
[14:42:47.968] [DEBUG] An issue occurred while trying to find dependencies metadata using npm.
[14:42:47.969] [INFO] detect-projects-spinner-stop: 1 project detected
[14:42:47.969] [DEBUG] Found 1 valid projects and 0 error projects
[14:42:47.969] [INFO] Upgrading from 6.5.16 to 9.1.15
[14:42:47.987] [INFO] upgrade-dependencies-task-start: Fetching versions to update package.json files..
[14:42:47.987] [DEBUG] Updating dependencies in ./config/storybook...
[14:42:48.003] [INFO] upgrade-dependencies-task: /package.json
[14:42:48.004] [DEBUG] {
  "upgradedDependencies": []
}
[14:42:48.004] [DEBUG] {
  "upgradedDevDependencies": [
    "@storybook/addon-links@^9.1.15",
    "@storybook/builder-webpack5@^9.1.15",
    "@storybook/react@^9.1.15"
  ]
}
[14:42:48.004] [DEBUG] {
  "upgradedPeerDependencies": []
}
[14:42:48.006] [DEBUG] Getting CLI versions from NPM for @storybook/addon-links...
[14:42:49.697] [DEBUG] Getting CLI versions from NPM for @storybook/builder-webpack5...
[14:42:51.198] [DEBUG] Getting CLI versions from NPM for @storybook/react...
[14:42:53.025] [INFO] upgrade-dependencies-task-success: Updated package versions in package.json files
[14:42:53.026] [INFO] detect-automigrations-task-start: Detecting automigrations...
[14:42:53.026] [DEBUG] Starting automigration collection across 1 projects and 16 fixes...
[14:42:53.041] [INFO] detect-automigrations-task: Checking automigrations for ./config/storybook...
[14:42:53.041] [DEBUG] Processing project: ./config/storybook
[14:42:53.041] [DEBUG] Checking fix eslintPlugin for project ./config/storybook...
[14:42:53.052] [DEBUG] Checking fix addon-mdx-gfm-remove for project ./config/storybook...
[14:42:53.053] [DEBUG] Checking fix addon-storysource-code-panel for project ./config/storybook...
[14:42:53.053] [DEBUG] Checking fix upgrade-storybook-related-dependencies for project ./config/storybook...
[14:42:53.053] [DEBUG] Checking for incompatible storybook packages...
[14:42:53.067] [DEBUG] Getting installed version for @storybook/addon-actions...
[14:42:53.068] [DEBUG] Getting installed version for @storybook/addon-essentials...
[14:42:53.069] [DEBUG] Getting installed version for @storybook/addon-interactions...
[14:42:53.070] [DEBUG] Getting installed version for @storybook/manager-webpack5...
[14:42:53.071] [DEBUG] Getting installed version for @storybook/testing-library...
[14:42:53.072] [DEBUG] Getting installed version for storybook-addon-mock...
[14:42:53.073] [DEBUG] Getting installed version for storybook-addon-themes...
[14:43:03.936] [DEBUG] An issue occurred while trying to find dependencies metadata using npm.
[14:43:03.936] [DEBUG] Getting CLI versions from NPM for storybook-addon-mock...
[14:43:03.938] [DEBUG] An issue occurred while trying to find dependencies metadata using npm.
[14:43:03.938] [DEBUG] Getting CLI versions from NPM for @storybook/testing-library...
[14:43:03.988] [DEBUG] An issue occurred while trying to find dependencies metadata using npm.
[14:43:03.988] [DEBUG] Getting CLI versions from NPM for @storybook/manager-webpack5...
[14:43:04.148] [DEBUG] An issue occurred while trying to find dependencies metadata using npm.
[14:43:04.148] [DEBUG] Getting CLI versions from NPM for @storybook/addon-essentials...
[14:43:04.170] [DEBUG] An issue occurred while trying to find dependencies metadata using npm.
[14:43:04.170] [DEBUG] Getting CLI versions from NPM for @storybook/addon-interactions...
[14:43:04.283] [DEBUG] An issue occurred while trying to find dependencies metadata using npm.
[14:43:04.283] [DEBUG] Getting CLI versions from NPM for @storybook/addon-actions...
[14:43:04.598] [DEBUG] An issue occurred while trying to find dependencies metadata using npm.
[14:43:04.598] [DEBUG] Getting CLI versions from NPM for storybook-addon-themes...
[14:43:05.893] [DEBUG] Checking fix initial-globals for project ./config/storybook...
[14:43:05.919] [DEBUG] Checking fix addon-globals-api for project ./config/storybook...
[14:43:05.926] [DEBUG] Checking fix addon-a11y-addon-test for project ./config/storybook...
[14:43:05.927] [DEBUG] Checking fix consolidated-imports for project ./config/storybook...
[14:43:05.928] [DEBUG] Checking fix addon-experimental-test for project ./config/storybook...
[14:43:05.928] [DEBUG] Using cached installed version for @storybook/experimental-addon-test...
[14:43:05.928] [DEBUG] Checking fix rnstorybook-config for project ./config/storybook...
[14:43:05.928] [DEBUG] Checking fix remove-addon-interactions for project ./config/storybook...
[14:43:05.928] [DEBUG] Checking fix renderer-to-framework for project ./config/storybook...
[14:43:05.929] [DEBUG] Checking fix remove-essential-addons for project ./config/storybook...
[14:43:05.929] [DEBUG] Checking fix addon-a11y-parameters for project ./config/storybook...
[14:43:05.929] [DEBUG] Checking fix remove-docs-autodocs for project ./config/storybook...
[14:43:05.944] [DEBUG] Checking fix wrap-require for project ./config/storybook...
[14:43:05.968] [INFO] detect-automigrations-task: 
Automigrations detected:
[14:43:05.983] [INFO] detect-automigrations-task: ✔ eslintPlugin
[14:43:05.997] [INFO] detect-automigrations-task: ✔ remove-addon-interactions
[14:43:06.011] [INFO] detect-automigrations-task: ✔ remove-essential-addons
[14:43:06.011] [INFO] detect-automigrations-task-success: 3 automigration(s) detected
[14:43:15.223] [PROMPT] Select automigrations to run {"choice":["eslintPlugin","remove-addon-interactions","remove-essential-addons"]}
[14:43:15.224] [INFO] automigrate-./config/storybook-task-start: Running automigrations for ./config/storybook
[14:43:15.224] [DEBUG] Adding dependencies: eslint-plugin-storybook@9.1.15
[14:43:15.224] [DEBUG] Getting CLI versions from NPM for eslint-plugin-storybook...
[14:43:17.272] [INFO] automigrate-./config/storybook-task: ✔ eslintPlugin
[14:43:17.281] [DEBUG] Uninstalling @storybook/addon-interactions
[14:43:17.282] [DEBUG] Removing '@storybook/addon-interactions' from main.js addons field.
[14:43:17.305] [INFO] automigrate-./config/storybook-task: ✔ remove-addon-interactions
[14:43:17.316] [DEBUG] Uninstalling @storybook/addon-essentials
[14:43:17.318] [DEBUG] Removing '@storybook/addon-essentials' from main.js addons field.
[14:43:17.340] [DEBUG] Uninstalling @storybook/addon-actions
[14:43:17.370] [DEBUG] Getting Storybook info...
[14:43:17.370] [DEBUG] Loading main config...
[14:43:17.385] [DEBUG] Getting stories paths...
[14:43:17.386] [DEBUG] Getting package manager...
[14:43:17.417] [DEBUG] Getting Storybook version...
[14:43:17.437] [INFO] automigrate-./config/storybook-task: Verifying @storybook/addon-docs
[14:43:17.451] [INFO] automigrate-./config/storybook-task: Installing @storybook/addon-docs@9.1.15
[14:43:17.452] [DEBUG] Getting CLI versions from NPM for @storybook/addon-docs...
[14:43:23.111] [INFO] automigrate-./config/storybook-task: Adding '@storybook/addon-docs' to the "addons" field in
config/storybook/main.ts
[14:43:23.142] [INFO] automigrate-./config/storybook-task: ✔ remove-essential-addons
[14:43:23.142] [INFO] automigrate-./config/storybook-task-success: Completed automigrations for ./config/storybook
[14:43:23.142] [INFO] Installing dependencies...
[14:43:23.142] [INFO] install-dependencies-task-start: Installing dependencies...
[14:44:30.336] [ERROR] An error occurred while installing dependencies. {"error":"Error: Command failed with exit code 190: npm install --force\nnpm warn using --force Recommended protections disabled.\nnpm error code ENOTEMPTY\nnpm error syscall rename\nnpm error path /Users/simonmoon/Documents/GitHub/study/UlbiTV/module 1/production-project-01/node_modules/@storybook/addon-actions\nnpm error dest /Users/simonmoon/Documents/GitHub/study/UlbiTV/module 1/production-project-01/node_modules/@storybook/.addon-actions-GwzhvMwO\nnpm error errno -66\nnpm error ENOTEMPTY: directory not empty, rename '/Users/simonmoon/Documents/GitHub/study/UlbiTV/module 1/production-project-01/node_modules/@storybook/addon-actions' -> '/Users/simonmoon/Documents/GitHub/study/UlbiTV/module 1/production-project-01/node_modules/@storybook/.addon-actions-GwzhvMwO'\nnpm error A complete log of this run can be found in: /Users/simonmoon/.npm/_logs/2025-10-25T11_43_23_295Z-debug-0.log\n    at makeError (/Users/simonmoon/.npm/_npx/2f45d0ad3c60c41c/node_modules/storybook/dist/common/index.cjs:24552:67)\n    at handlePromise (/Users/simonmoon/.npm/_npx/2f45d0ad3c60c41c/node_modules/storybook/dist/common/index.cjs:25170:15)\n    at process.processTicksAndRejections (node:internal/process/task_queues:95:5)\n    at async Object.executeTask (/Users/simonmoon/.npm/_npx/2f45d0ad3c60c41c/node_modules/storybook/dist/node-logger/index.cjs:9094:11)\n    at async Fo.installDependencies (/Users/simonmoon/.npm/_npx/2f45d0ad3c60c41c/node_modules/storybook/dist/common/index.cjs:25472:5)\n    at async /Users/simonmoon/.npm/_npx/2f45d0ad3c60c41c/node_modules/@storybook/cli/dist/bin/index.cjs:290:768\n    at async withTelemetry (/Users/simonmoon/.npm/_npx/2f45d0ad3c60c41c/node_modules/storybook/dist/core-server/index.cjs:42353:12)\n    at async upgrade (/Users/simonmoon/.npm/_npx/2f45d0ad3c60c41c/node_modules/@storybook/cli/dist/bin/index.cjs:285:1361)\n    at async Command.<anonymous> (/Users/simonmoon/.npm/_npx/2f45d0ad3c60c41c/node_modules/@storybook/cli/dist/bin/index.cjs:291:3312)"}
[14:44:30.336] [ERROR] install-dependencies-task-error: An error occurred while installing dependencies.
[14:44:30.338] [ERROR] Error: Command failed with exit code 190: npm install --force
npm warn using --force Recommended protections disabled.
npm error code ENOTEMPTY
npm error syscall rename
npm error path ./node_modules/@storybook/addon-actions
npm error dest ./node_modules/@storybook/.addon-actions-GwzhvMwO
npm error errno -66
npm error ENOTEMPTY: directory not empty, rename './node_modules/@storybook/addon-actions' -> './node_modules/@storybook/.addon-actions-GwzhvMwO'
npm error A complete log of this run can be found in: /Users/simonmoon/.npm/_logs/2025-10-25T11_43_23_295Z-debug-0.log
    at makeError (/Users/simonmoon/.npm/_npx/2f45d0ad3c60c41c/node_modules/storybook/dist/common/index.cjs:24552:67)
    at handlePromise (/Users/simonmoon/.npm/_npx/2f45d0ad3c60c41c/node_modules/storybook/dist/common/index.cjs:25170:15)
    at process.processTicksAndRejections (node:internal/process/task_queues:95:5)
    at async Object.executeTask (/Users/simonmoon/.npm/_npx/2f45d0ad3c60c41c/node_modules/storybook/dist/node-logger/index.cjs:9094:11)
    at async Fo.installDependencies (/Users/simonmoon/.npm/_npx/2f45d0ad3c60c41c/node_modules/storybook/dist/common/index.cjs:25472:5)
    at async /Users/simonmoon/.npm/_npx/2f45d0ad3c60c41c/node_modules/@storybook/cli/dist/bin/index.cjs:290:768
    at async withTelemetry (/Users/simonmoon/.npm/_npx/2f45d0ad3c60c41c/node_modules/storybook/dist/core-server/index.cjs:42353:12)
    at async upgrade (/Users/simonmoon/.npm/_npx/2f45d0ad3c60c41c/node_modules/@storybook/cli/dist/bin/index.cjs:285:1361)
    at async Command.<anonymous> (/Users/simonmoon/.npm/_npx/2f45d0ad3c60c41c/node_modules/@storybook/cli/dist/bin/index.cjs:291:3312)
[14:44:32.819] [ERROR] Error: Command failed with exit code 190: npm install --force
npm warn using --force Recommended protections disabled.
npm error code ENOTEMPTY
npm error syscall rename
npm error path ./node_modules/@storybook/addon-actions
npm error dest ./node_modules/@storybook/.addon-actions-GwzhvMwO
npm error errno -66
npm error ENOTEMPTY: directory not empty, rename './node_modules/@storybook/addon-actions' -> './node_modules/@storybook/.addon-actions-GwzhvMwO'
npm error A complete log of this run can be found in: /Users/simonmoon/.npm/_logs/2025-10-25T11_43_23_295Z-debug-0.log